==> Leyendo xlsx: samples\131256432-08052026161604.xlsx
==> 25 casos en hoja ECF
==> 4 casos en hoja RFCE

[1/25] 131256432E330000000001 (E33, E330000000001)
    OK  estado=ENVIADO track=a709b9e1-3bf4-4307-8c1f-78ece3a261d6 rfce=- flujo=-

[2/25] 131256432E320000000006 (E32, E320000000006)
    OK  estado=ENVIADO track=97e289fb-159e-431f-8258-b1c1372ec18c rfce=- flujo=-

[3/25] 131256432E340000000001 (E34, E340000000001)
    OK  estado=ENVIADO track=aebd453a-00f8-427d-8839-cf45f7188da5 rfce=- flujo=-

[4/25] 131256432E340000000013 (E34, E340000000013)
    OK  estado=ENVIADO track=7909d63c-3ef1-4a6f-8566-14301120dd72 rfce=- flujo=-

[5/25] 131256432E440000000013 (E44, E440000000013)
    OK  estado=ENVIADO track=4c8dcb5e-3f20-4b21-9e7c-af6d2fc4ebd5 rfce=- flujo=-

[6/25] 131256432E310000000001 (E31, E310000000001)
    OK  estado=ENVIADO track=0309342b-055f-4583-ac31-9b9a2e632081 rfce=- flujo=-

[7/25] 131256432E310000000034 (E31, E310000000034)
    OK  estado=ENVIADO track=44fabd19-3fe1-4299-b11b-56023fbdcead rfce=- flujo=-

[8/25] 131256432E310000000009 (E31, E310000000009)
    OK  estado=ENVIADO track=4e2db6ba-9227-403f-8364-27eb395f478a rfce=- flujo=-

[9/25] 131256432E310000000002 (E31, E310000000002)
    OK  estado=ENVIADO track=a7343672-520e-48c6-ad48-6a4ebcb950f7 rfce=- flujo=-

[10/25] 131256432E320000000011 (E32, E320000000011)
    OK  estado=RFCE_ACEPTADO track=- rfce=- flujo=-

[11/25] 131256432E320000000012 (E32, E320000000012)
    OK  estado=RFCE_ACEPTADO track=- rfce=- flujo=-

[12/25] 131256432E320000000014 (E32, E320000000014)
    OK  estado=RFCE_ACEPTADO track=- rfce=- flujo=-

[13/25] 131256432E320000000015 (E32, E320000000015)
    OK  estado=RFCE_ACEPTADO track=- rfce=- flujo=-

[14/25] 131256432E320000000005 (E32, E320000000005)
    OK  estado=ENVIADO track=868a54c0-1360-4475-9bf8-d7204af66077 rfce=- flujo=-

[15/25] 131256432E410000000010 (E41, E410000000010)
    OK  estado=ENVIADO track=504d05d4-53f2-43a0-8dbf-361e3c11f9d0 rfce=- flujo=-

[16/25] 131256432E410000000008 (E41, E410000000008)
    OK  estado=ENVIADO track=4c1c1fb1-9d51-4b24-98cd-76927ddcb2d6 rfce=- flujo=-

[17/25] 131256432E430000000010 (E43, E430000000010)
    OK  estado=ENVIADO track=ce584d56-0b71-40a6-a6df-5ad6d31b0b83 rfce=- flujo=-

[18/25] 131256432E430000000009 (E43, E430000000009)
    OK  estado=ENVIADO track=3074fcbc-30d7-4df7-9790-bcd58ddb0144 rfce=- flujo=-

[19/25] 131256432E440000000009 (E44, E440000000009)
    OK  estado=ENVIADO track=06f58373-20a9-4d38-9250-54373c3b346a rfce=- flujo=-

[20/25] 131256432E450000000001 (E45, E450000000001)
    OK  estado=ENVIADO track=78b13ccc-0aa4-426a-b006-1a1ed363040b rfce=- flujo=-

[21/25] 131256432E450000000003 (E45, E450000000003)
    OK  estado=ENVIADO track=8ffbe4ce-9963-46ae-afd0-e53e54b2d6e8 rfce=- flujo=-

[22/25] 131256432E460000000007 (E46, E460000000007)
    OK  estado=ENVIADO track=4fecf328-f123-4c7c-94f6-6424089abd47 rfce=- flujo=-

[23/25] 131256432E460000000001 (E46, E460000000001)
    OK  estado=ENVIADO track=829a3347-b596-47ba-a518-9565a17a6a46 rfce=- flujo=-

[24/25] 131256432E470000000001 (E47, E470000000001)
    OK  estado=ENVIADO track=4f725e93-e4ef-4616-94c7-8255e56c29b6 rfce=- flujo=-

[25/25] 131256432E470000000011 (E47, E470000000011)
    OK  estado=ENVIADO track=62950394-c187-4588-a7d5-e6ec23698e20 rfce=- flujo=-

========================================
Resumen: 25/25 OK, 0 fallaron
========================================
  + 131256432E330000000001 | E33 | E330000000001 | ENVIADO track=a709b9e1-3bf4-4307-8c1f-78ece3a261d6
  + 131256432E320000000006 | E32 | E320000000006 | ENVIADO track=97e289fb-159e-431f-8258-b1c1372ec18c
  + 131256432E340000000001 | E34 | E340000000001 | ENVIADO track=aebd453a-00f8-427d-8839-cf45f7188da5
  + 131256432E340000000013 | E34 | E340000000013 | ENVIADO track=7909d63c-3ef1-4a6f-8566-14301120dd72
  + 131256432E440000000013 | E44 | E440000000013 | ENVIADO track=4c8dcb5e-3f20-4b21-9e7c-af6d2fc4ebd5
  + 131256432E310000000001 | E31 | E310000000001 | ENVIADO track=0309342b-055f-4583-ac31-9b9a2e632081
  + 131256432E310000000034 | E31 | E310000000034 | ENVIADO track=44fabd19-3fe1-4299-b11b-56023fbdcead
  + 131256432E310000000009 | E31 | E310000000009 | ENVIADO track=4e2db6ba-9227-403f-8364-27eb395f478a
  + 131256432E310000000002 | E31 | E310000000002 | ENVIADO track=a7343672-520e-48c6-ad48-6a4ebcb950f7
  + 131256432E320000000011 | E32 | E320000000011 | RFCE_ACEPTADO track=-
  + 131256432E320000000012 | E32 | E320000000012 | RFCE_ACEPTADO track=-
  + 131256432E320000000014 | E32 | E320000000014 | RFCE_ACEPTADO track=-
  + 131256432E320000000015 | E32 | E320000000015 | RFCE_ACEPTADO track=-
  + 131256432E320000000005 | E32 | E320000000005 | ENVIADO track=868a54c0-1360-4475-9bf8-d7204af66077
  + 131256432E410000000010 | E41 | E410000000010 | ENVIADO track=504d05d4-53f2-43a0-8dbf-361e3c11f9d0
  + 131256432E410000000008 | E41 | E410000000008 | ENVIADO track=4c1c1fb1-9d51-4b24-98cd-76927ddcb2d6
  + 131256432E430000000010 | E43 | E430000000010 | ENVIADO track=ce584d56-0b71-40a6-a6df-5ad6d31b0b83
  + 131256432E430000000009 | E43 | E430000000009 | ENVIADO track=3074fcbc-30d7-4df7-9790-bcd58ddb0144
  + 131256432E440000000009 | E44 | E440000000009 | ENVIADO track=06f58373-20a9-4d38-9250-54373c3b346a
  + 131256432E450000000001 | E45 | E450000000001 | ENVIADO track=78b13ccc-0aa4-426a-b006-1a1ed363040b
  + 131256432E450000000003 | E45 | E450000000003 | ENVIADO track=8ffbe4ce-9963-46ae-afd0-e53e54b2d6e8
  + 131256432E460000000007 | E46 | E460000000007 | ENVIADO track=4fecf328-f123-4c7c-94f6-6424089abd47
  + 131256432E460000000001 | E46 | E460000000001 | ENVIADO track=829a3347-b596-47ba-a518-9565a17a6a46
  + 131256432E470000000001 | E47 | E470000000001 | ENVIADO track=4f725e93-e4ef-4616-94c7-8255e56c29b6
  + 131256432E470000000011 | E47 | E470000000011 | ENVIADO track=62950394-c187-4588-a7d5-e6ec23698e20

==> Reporte guardado en: tools\fase2_results.json
