[1] 131256432E330000000001 (E330000000001) ... estado=RECHAZADO :: El formato del XML no es válido.La propiedad IndicadorMontoGravado no es válida debido a que el valor enviado () no coincide con el valor () del conjunto de datos entregados.La propiedad RNCOtroCont
[2] 131256432E320000000006 (E320000000006) ... estado=ACEPTADO :: [0]
[3] 131256432E340000000001 (E340000000001) ... estado=RECHAZADO :: El campo NCFModificado de la sección InformacionReferencia no es válido. La fecha de emisión de la nota de crédito/débito no puede ser menor a la fecha de emisión de la factura de referencia.La 
[4] 131256432E340000000013 (E340000000013) ... estado=RECHAZADO :: El formato del XML no es válido.La propiedad IndicadorMontoGravado no es válida debido a que el valor enviado () no coincide con el valor () del conjunto de datos entregados.La propiedad RNCOtroCont
[5] 131256432E440000000013 (E440000000013) ... estado=ACEPTADO :: [0]
[6] 131256432E310000000001 (E310000000001) ... estado=ACEPTADO :: [0]
[7] 131256432E310000000034 (E310000000034) ... estado=RECHAZADO :: El formato del XML no es válido.La propiedad IndicadorMontoGravado no es válida debido a que el valor enviado () no coincide con el valor () del conjunto de datos entregados. [1]
[8] 131256432E310000000009 (E310000000009) ... estado=RECHAZADO :: El formato del XML no es válido.La propiedad IndicadorMontoGravado no es válida debido a que el valor enviado () no coincide con el valor () del conjunto de datos entregados.La propiedad DescuentoMo
[9] 131256432E310000000002 (E310000000002) ... estado=RECHAZADO :: El campo TotalITBIS1 del área Totales de la sección Encabezado no coincide con la multiplicación de los campos de Monto Gravado 1 y ITBIS Tasa 1.El campo MontoTotal del área Totales de la sección
[10] 131256432E320000000011 (E320000000011) ... estado=? :: Factura no tiene track_id o e_ncf (no fue emitida a DGII)
[11] 131256432E320000000012 (E320000000012) ... estado=? :: Factura no tiene track_id o e_ncf (no fue emitida a DGII)
[12] 131256432E320000000014 (E320000000014) ... estado=? :: Factura no tiene track_id o e_ncf (no fue emitida a DGII)
[13] 131256432E320000000015 (E320000000015) ... estado=? :: Factura no tiene track_id o e_ncf (no fue emitida a DGII)
[14] 131256432E320000000005 (E320000000005) ... estado=ACEPTADO :: [0]
[15] 131256432E410000000010 (E410000000010) ... estado=RECHAZADO :: El campo MontoItem de la sección DetallesItems de la línea 1 no es válidoEl campo MontoItem de la sección DetallesItems de la línea 2 no es válidoEl campo MontoItem de la sección DetallesItems 
[16] 131256432E410000000008 (E410000000008) ... estado=RECHAZADO :: El campo MontoItem de la sección DetallesItems de la línea 1 no es válidoEl campo MontoItem de la sección DetallesItems de la línea 2 no es válidoEl campo MontoItem de la sección DetallesItems 
[17] 131256432E430000000010 (E430000000010) ... estado=RECHAZADO :: El formato del XML no es válido.La propiedad TipoPago no es válida debido a que el valor enviado (1) no coincide con el valor () del conjunto de datos entregados. [1]
[18] 131256432E430000000009 (E430000000009) ... estado=RECHAZADO :: El formato del XML no es válido.La propiedad TipoPago no es válida debido a que el valor enviado (1) no coincide con el valor () del conjunto de datos entregados. [1]
[19] 131256432E440000000009 (E440000000009) ... estado=ACEPTADO :: [0]
[20] 131256432E450000000001 (E450000000001) ... estado=ACEPTADO :: [0]
[21] 131256432E450000000003 (E450000000003) ... estado=RECHAZADO :: El campo MontoItem de la sección DetallesItems de la línea 1 no es válidoEl campo MontoItem de la sección DetallesItems de la línea 2 no es válidoEl campo MontoItem de la sección DetallesItems 
[22] 131256432E460000000007 (E460000000007) ... estado=RECHAZADO :: El campo TotalITBIS del área Totales de la sección Encabezado no es válidoLa propiedad TotalITBIS no es válida debido a que el valor enviado () no coincide con el valor (0.00) del conjunto de dato
[23] 131256432E460000000001 (E460000000001) ... estado=RECHAZADO :: El campo FechaLimitePago del área IdDoc de la sección Encabezado no es válidoLa propiedad FechaLimitePago no es válida debido a que el valor enviado () no coincide con el valor (06-05-2020) del co
[24] 131256432E470000000001 (E470000000001) ... estado=RECHAZADO :: La propiedad TipoPago no es válida debido a que el valor enviado (1) no coincide con el valor () del conjunto de datos entregados.La propiedad NumeroCuentaPago no es válida debido a que el valor env
[25] 131256432E470000000011 (E470000000011) ... estado=ACEPTADO :: [0]

========================================
Resumen: 7/25 ACEPTADOS
========================================
  - | E330000000001 | RECHAZADO | El formato del XML no es válido.La propiedad IndicadorMontoGravado no es válida debido a que el valor enviado () no coincide con el valor () del con
  + | E320000000006 | ACEPTADO | [0]
  - | E340000000001 | RECHAZADO | El campo NCFModificado de la sección InformacionReferencia no es válido. La fecha de emisión de la nota de crédito/débito no puede ser menor a la
  - | E340000000013 | RECHAZADO | El formato del XML no es válido.La propiedad IndicadorMontoGravado no es válida debido a que el valor enviado () no coincide con el valor () del con
  + | E440000000013 | ACEPTADO | [0]
  + | E310000000001 | ACEPTADO | [0]
  - | E310000000034 | RECHAZADO | El formato del XML no es válido.La propiedad IndicadorMontoGravado no es válida debido a que el valor enviado () no coincide con el valor () del con
  - | E310000000009 | RECHAZADO | El formato del XML no es válido.La propiedad IndicadorMontoGravado no es válida debido a que el valor enviado () no coincide con el valor () del con
  - | E310000000002 | RECHAZADO | El campo TotalITBIS1 del área Totales de la sección Encabezado no coincide con la multiplicación de los campos de Monto Gravado 1 y ITBIS Tasa 1.El
  - | E320000000011 | ? | Factura no tiene track_id o e_ncf (no fue emitida a DGII)
  - | E320000000012 | ? | Factura no tiene track_id o e_ncf (no fue emitida a DGII)
  - | E320000000014 | ? | Factura no tiene track_id o e_ncf (no fue emitida a DGII)
  - | E320000000015 | ? | Factura no tiene track_id o e_ncf (no fue emitida a DGII)
  + | E320000000005 | ACEPTADO | [0]
  - | E410000000010 | RECHAZADO | El campo MontoItem de la sección DetallesItems de la línea 1 no es válidoEl campo MontoItem de la sección DetallesItems de la línea 2 no es váli
  - | E410000000008 | RECHAZADO | El campo MontoItem de la sección DetallesItems de la línea 1 no es válidoEl campo MontoItem de la sección DetallesItems de la línea 2 no es váli
  - | E430000000010 | RECHAZADO | El formato del XML no es válido.La propiedad TipoPago no es válida debido a que el valor enviado (1) no coincide con el valor () del conjunto de dat
  - | E430000000009 | RECHAZADO | El formato del XML no es válido.La propiedad TipoPago no es válida debido a que el valor enviado (1) no coincide con el valor () del conjunto de dat
  + | E440000000009 | ACEPTADO | [0]
  + | E450000000001 | ACEPTADO | [0]
  - | E450000000003 | RECHAZADO | El campo MontoItem de la sección DetallesItems de la línea 1 no es válidoEl campo MontoItem de la sección DetallesItems de la línea 2 no es váli
  - | E460000000007 | RECHAZADO | El campo TotalITBIS del área Totales de la sección Encabezado no es válidoLa propiedad TotalITBIS no es válida debido a que el valor enviado () no
  - | E460000000001 | RECHAZADO | El campo FechaLimitePago del área IdDoc de la sección Encabezado no es válidoLa propiedad FechaLimitePago no es válida debido a que el valor envia
  - | E470000000001 | RECHAZADO | La propiedad TipoPago no es válida debido a que el valor enviado (1) no coincide con el valor () del conjunto de datos entregados.La propiedad Numero
  + | E470000000011 | ACEPTADO | [0]

==> Detalle completo en: tools\fase2_estados.json
